<?xml version="1.0" encoding="UTF-8"?>
<!-- Generated by org.testng.reporters.JUnitReportReporter -->
<testsuite skipped="0" hostname="DESKTOP-TSQEDQT" name="com.technogearup.E2EProject.ValidateNavigationBar" tests="1" failures="0" timestamp="29 Mar 2021 02:16:48 GMT" time="21.248" errors="0">
  <testcase name="validateNavigation" time="21.248" classname="com.technogearup.E2EProject.ValidateNavigationBar"/>
</testsuite> <!-- com.technogearup.E2EProject.ValidateNavigationBar -->
