<?xml version="1.0" encoding="UTF-8"?>
<!-- Generated by org.testng.reporters.JUnitReportReporter -->
<testsuite skipped="0" hostname="DESKTOP-TSQEDQT" name="com.technogearup.E2EProject.ValidateTitle" tests="1" failures="0" timestamp="29 Mar 2021 02:16:48 GMT" time="18.557" errors="0">
  <testcase name="validateTitle" time="18.557" classname="com.technogearup.E2EProject.ValidateTitle"/>
</testsuite> <!-- com.technogearup.E2EProject.ValidateTitle -->
